[0mCompiling "resources/public/js/main.js" from ["src"]...
Compiling src/om_tut/core.cljs
Compiling target/figwheel_temp/dev/figwheel/connect.cljs
notifying browser that file changed:  resources/public/js/goog/deps.js
notifying browser that file changed:  resources/public/js/cljs_deps.js
notifying browser that file changed:  out/om_tut/core.js
[32mSuccessfully compiled "resources/public/js/main.js" in 0.362 seconds.[0m
[0mCompiling "resources/public/js/main.js" from ["src"]...
Compiling src/om_tut/core.cljs
Compiling target/figwheel_temp/dev/figwheel/connect.cljs
notifying browser that file changed:  out/om_tut/core.js
[32mSuccessfully compiled "resources/public/js/main.js" in 0.401 seconds.[0m
[0mCompiling "resources/public/js/main.js" from ["src"]...
Compiling src/om_tut/core.cljs
Compiling target/figwheel_temp/dev/figwheel/connect.cljs
notifying browser that file changed:  out/om_tut/core.js
[32mSuccessfully compiled "resources/public/js/main.js" in 0.436 seconds.[0m
[0mCompiling "resources/public/js/main.js" from ["src"]...
Compiling src/om_tut/core.cljs
Compiling target/figwheel_temp/dev/figwheel/connect.cljs
notifying browser that file changed:  out/om_tut/core.js
[32mSuccessfully compiled "resources/public/js/main.js" in 0.414 seconds.[0m
[0mCompiling "resources/public/js/main.js" from ["src"]...
Compiling src/om_tut/core.cljs
WARNING: Use of undeclared Var om-tut.core/nul at line 13 src/om_tut/core.cljs
Compiling target/figwheel_temp/dev/figwheel/connect.cljs
notifying browser that file changed:  out/om_tut/core.js
[32mSuccessfully compiled "resources/public/js/main.js" in 0.411 seconds.[0m
[0mCompiling "resources/public/js/main.js" from ["src"]...
Compiling src/om_tut/core.cljs
Compiling target/figwheel_temp/dev/figwheel/connect.cljs
notifying browser that file changed:  out/om_tut/core.js
[32mSuccessfully compiled "resources/public/js/main.js" in 0.432 seconds.[0m
[0mCompiling "resources/public/js/main.js" from ["src"]...
Compiling src/om_tut/core.cljs
Compiling target/figwheel_temp/dev/figwheel/connect.cljs
notifying browser that file changed:  resources/public/js/goog/deps.js
notifying browser that file changed:  resources/public/js/cljs_deps.js
notifying browser that file changed:  out/om_tut/core.js
[32mSuccessfully compiled "resources/public/js/main.js" in 0.705 seconds.[0m
[0mCompiling "resources/public/js/main.js" from ["src"]...
Compiling src/om_tut/core.cljs
Compiling target/figwheel_temp/dev/figwheel/connect.cljs
notifying browser that file changed:  out/om_tut/core.js
[32mSuccessfully compiled "resources/public/js/main.js" in 0.329 seconds.[0m
[0mCompiling "resources/public/js/main.js" from ["src"]...
Compiling src/om_tut/core.cljs
Compiling target/figwheel_temp/dev/figwheel/connect.cljs
notifying browser that file changed:  resources/public/js/goog/deps.js
notifying browser that file changed:  resources/public/js/cljs_deps.js
notifying browser that file changed:  out/om_tut/core.js
[32mSuccessfully compiled "resources/public/js/main.js" in 0.363 seconds.[0m
[0mCompiling "resources/public/js/main.js" from ["src"]...
Compiling src/om_tut/core.cljs
Compiling target/figwheel_temp/dev/figwheel/connect.cljs
notifying browser that file changed:  out/om_tut/core.js
[32mSuccessfully compiled "resources/public/js/main.js" in 0.27 seconds.[0m
[0mCompiling "resources/public/js/main.js" from ["src"]...
Compiling src/om_tut/core.cljs
Compiling target/figwheel_temp/dev/figwheel/connect.cljs
notifying browser that file changed:  out/om_tut/core.js
[32mSuccessfully compiled "resources/public/js/main.js" in 0.309 seconds.[0m
[0mCompiling "resources/public/js/main.js" from ["src"]...
Compiling src/om_tut/core.cljs
Compiling target/figwheel_temp/dev/figwheel/connect.cljs
notifying browser that file changed:  out/om_tut/core.js
[32mSuccessfully compiled "resources/public/js/main.js" in 0.225 seconds.[0m
[0mCompiling "resources/public/js/main.js" from ["src"]...
Compiling src/om_tut/core.cljs
Compiling target/figwheel_temp/dev/figwheel/connect.cljs
notifying browser that file changed:  out/om_tut/core.js
[32mSuccessfully compiled "resources/public/js/main.js" in 0.147 seconds.[0m
[0mCompiling "resources/public/js/main.js" from ["src"]...
Compiling src/om_tut/core.cljs
Compiling target/figwheel_temp/dev/figwheel/connect.cljs
notifying browser that file changed:  out/om_tut/core.js
[32mSuccessfully compiled "resources/public/js/main.js" in 0.261 seconds.[0m
[0mCompiling "resources/public/js/main.js" from ["src"]...
Compiling src/om_tut/core.cljs
Compiling target/figwheel_temp/dev/figwheel/connect.cljs
notifying browser that file changed:  out/om_tut/core.js
[32mSuccessfully compiled "resources/public/js/main.js" in 0.288 seconds.[0m
[0mCompiling "resources/public/js/main.js" from ["src"]...
Compiling src/om_tut/core.cljs
Compiling target/figwheel_temp/dev/figwheel/connect.cljs
notifying browser that file changed:  resources/public/js/goog/deps.js
notifying browser that file changed:  resources/public/js/cljs_deps.js
notifying browser that file changed:  out/om_tut/core.js
[32mSuccessfully compiled "resources/public/js/main.js" in 0.426 seconds.[0m
[0mCompiling "resources/public/js/main.js" from ["src"]...
Compiling src/om_tut/core.cljs
Compiling target/figwheel_temp/dev/figwheel/connect.cljs
notifying browser that file changed:  out/om_tut/core.js
[32mSuccessfully compiled "resources/public/js/main.js" in 0.448 seconds.[0m
[0mCompiling "resources/public/js/main.js" from ["src"]...
Compiling src/om_tut/core.cljs
WARNING: No such namespace: d, could not locate d.cljs, d.cljc, or Closure namespace "" at line 8 src/om_tut/core.cljs
WARNING: Use of undeclared Var d/create-conn at line 8 src/om_tut/core.cljs
WARNING: No such namespace: d, could not locate d.cljs, d.cljc, or Closure namespace "" at line 10 src/om_tut/core.cljs
WARNING: Use of undeclared Var d/transact! at line 10 src/om_tut/core.cljs
WARNING: No such namespace: d, could not locate d.cljs, d.cljc, or Closure namespace "" at line 19 src/om_tut/core.cljs
WARNING: Use of undeclared Var d/q at line 19 src/om_tut/core.cljs
WARNING: No such namespace: d, could not locate d.cljs, d.cljc, or Closure namespace "" at line 22 src/om_tut/core.cljs
WARNING: Use of undeclared Var d/db at line 22 src/om_tut/core.cljs
WARNING: No such namespace: d, could not locate d.cljs, d.cljc, or Closure namespace "" at line 29 src/om_tut/core.cljs
WARNING: Use of undeclared Var d/transact! at line 29 src/om_tut/core.cljs
Compiling target/figwheel_temp/dev/figwheel/connect.cljs
notifying browser that file changed:  out/om_tut/core.js
[32mSuccessfully compiled "resources/public/js/main.js" in 0.436 seconds.[0m
[0mCompiling "resources/public/js/main.js" from ["src"]...
Compiling resources/public/js/datascript/arrays.cljc
Compiling resources/public/js/datascript/btset.cljc
Compiling resources/public/js/datascript/db.cljc
Compiling resources/public/js/datascript/parser.cljc
Compiling resources/public/js/datascript/lru.cljc
Compiling resources/public/js/datascript/pull_parser.cljc
Compiling resources/public/js/datascript/pull_api.cljc
Compiling resources/public/js/datascript/impl/entity.cljc
Compiling resources/public/js/datascript/query.cljc
Compiling resources/public/js/datascript/core.cljc
Compiling /Users/konny/projects/clj/om-tut/src/om_tut/core.cljs
Compiling target/figwheel_temp/dev/figwheel/connect.cljs
notifying browser that file changed:  resources/public/js/goog/deps.js
notifying browser that file changed:  resources/public/js/cljs_deps.js
notifying browser that file changed:  out/om_tut/core.js
[32mSuccessfully compiled "resources/public/js/main.js" in 7.387 seconds.[0m
[0mCompiling "resources/public/js/main.js" from ["src"]...
Compiling src/fibu/core.cljs
Compiling target/figwheel_temp/dev/figwheel/connect.cljs
notifying browser that file changed:  resources/public/js/goog/deps.js
notifying browser that file changed:  resources/public/js/cljs_deps.js
notifying browser that file changed:  out/fibu/core.js
[32mSuccessfully compiled "resources/public/js/main.js" in 0.528 seconds.[0m
[0mCompiling "resources/public/js/main.js" from ["src"]...
Compiling src/fibu/core.cljs
[31mCompiling "resources/public/js/main.js" failed.
[0mERROR: Invalid token: : on file /Users/konny/projects/clj/fibu/src/fibu/core.cljs, line 17, column 8
[32mSuccessfully compiled "resources/public/js/main.js" in 0.131 seconds.[0m
[0mCompiling "resources/public/js/main.js" from ["src"]...
Compiling src/fibu/core.cljs
[31mCompiling "resources/public/js/main.js" failed.
[0mANALYSIS ERROR: Unknown dot form of (. js/Date nil nil) with classification [:cljs.analyzer/expr :cljs.analyzer/error ()] at line 16 src/fibu/core.cljs on file src/fibu/core.cljs, line 16, column 19
[32mSuccessfully compiled "resources/public/js/main.js" in 0.201 seconds.[0m
[0mCompiling "resources/public/js/main.js" from ["src"]...
Compiling src/fibu/core.cljs
[31mCompiling "resources/public/js/main.js" failed.
[0mANALYSIS ERROR: Unknown dot form of (. js/Date nil nil) with classification [:cljs.analyzer/expr :cljs.analyzer/error ()] at line 16 src/fibu/core.cljs on file src/fibu/core.cljs, line 16, column 19
[32mSuccessfully compiled "resources/public/js/main.js" in 0.116 seconds.[0m
[0mCompiling "resources/public/js/main.js" from ["src"]...
Compiling src/fibu/core.cljs
[31mCompiling "resources/public/js/main.js" failed.
[0mANALYSIS ERROR: Unknown dot form of (. js/Date nil nil) with classification [:cljs.analyzer/expr :cljs.analyzer/error ()] at line 16 src/fibu/core.cljs on file src/fibu/core.cljs, line 16, column 19
[32mSuccessfully compiled "resources/public/js/main.js" in 0.156 seconds.[0m
[0mCompiling "resources/public/js/main.js" from ["src"]...
Compiling src/fibu/core.cljs
[31mCompiling "resources/public/js/main.js" failed.
[0mANALYSIS ERROR: Unknown dot form of (. js/Date nil nil) with classification [:cljs.analyzer/expr :cljs.analyzer/error ()] at line 16 src/fibu/core.cljs on file src/fibu/core.cljs, line 16, column 19
[32mSuccessfully compiled "resources/public/js/main.js" in 0.159 seconds.[0m
[0mCompiling "resources/public/js/main.js" from ["src"]...
Compiling src/fibu/core.cljs
Compiling target/figwheel_temp/dev/figwheel/connect.cljs
notifying browser that file changed:  out/fibu/core.js
[32mSuccessfully compiled "resources/public/js/main.js" in 0.31 seconds.[0m
[0mCompiling "resources/public/js/main.js" from ["src"]...
Compiling src/fibu/core.cljs
Compiling target/figwheel_temp/dev/figwheel/connect.cljs
notifying browser that file changed:  out/fibu/core.js
[32mSuccessfully compiled "resources/public/js/main.js" in 0.324 seconds.[0m
[0mCompiling "resources/public/js/main.js" from ["src"]...
Compiling src/fibu/core.cljs
Compiling target/figwheel_temp/dev/figwheel/connect.cljs
notifying browser that file changed:  out/fibu/core.js
[32mSuccessfully compiled "resources/public/js/main.js" in 0.302 seconds.[0m
[0mCompiling "resources/public/js/main.js" from ["src"]...
Compiling src/fibu/core.cljs
Compiling target/figwheel_temp/dev/figwheel/connect.cljs
notifying browser that file changed:  out/fibu/core.js
[32mSuccessfully compiled "resources/public/js/main.js" in 0.251 seconds.[0m
[0mCompiling "resources/public/js/main.js" from ["src"]...
Compiling src/fibu/core.cljs
Compiling target/figwheel_temp/dev/figwheel/connect.cljs
notifying browser that file changed:  out/fibu/core.js
[32mSuccessfully compiled "resources/public/js/main.js" in 0.178 seconds.[0m
[0mCompiling "resources/public/js/main.js" from ["src"]...
Compiling src/fibu/core.cljs
Compiling target/figwheel_temp/dev/figwheel/connect.cljs
notifying browser that file changed:  out/fibu/core.js
[32mSuccessfully compiled "resources/public/js/main.js" in 0.276 seconds.[0m
[0mCompiling "resources/public/js/main.js" from ["src"]...
Compiling src/fibu/core.cljs
Compiling target/figwheel_temp/dev/figwheel/connect.cljs
notifying browser that file changed:  out/fibu/core.js
[32mSuccessfully compiled "resources/public/js/main.js" in 0.269 seconds.[0m
[0mCompiling "resources/public/js/main.js" from ["src"]...
Compiling src/fibu/core.cljs
Compiling target/figwheel_temp/dev/figwheel/connect.cljs
notifying browser that file changed:  out/fibu/core.js
[32mSuccessfully compiled "resources/public/js/main.js" in 0.285 seconds.[0m
[0mCompiling "resources/public/js/main.js" from ["src"]...
Compiling src/fibu/core.cljs
Compiling target/figwheel_temp/dev/figwheel/connect.cljs
notifying browser that file changed:  out/fibu/core.js
[32mSuccessfully compiled "resources/public/js/main.js" in 0.244 seconds.[0m
[0mCompiling "resources/public/js/main.js" from ["src"]...
Compiling /Users/konny/projects/clj/fibu/src/fibu/core.cljs
Compiling target/figwheel_temp/dev/figwheel/connect.cljs
notifying browser that file changed:  resources/public/js/cljs_deps.js
notifying browser that file changed:  out/fibu/core.js
[32mSuccessfully compiled "resources/public/js/main.js" in 0.229 seconds.[0m
[0mCompiling "resources/public/js/main.js" from ["src"]...
Compiling /Users/konny/projects/clj/fibu/src/fibu/core.cljs
Compiling target/figwheel_temp/dev/figwheel/connect.cljs
notifying browser that file changed:  out/fibu/core.js
[32mSuccessfully compiled "resources/public/js/main.js" in 0.245 seconds.[0m
[0mCompiling "resources/public/js/main.js" from ["src"]...
Compiling /Users/konny/projects/clj/fibu/src/fibu/core.cljs
Compiling target/figwheel_temp/dev/figwheel/connect.cljs
notifying browser that file changed:  out/fibu/core.js
[32mSuccessfully compiled "resources/public/js/main.js" in 0.26 seconds.[0m
[0mCompiling "resources/public/js/main.js" from ["src"]...
Compiling /Users/konny/projects/clj/fibu/src/fibu/core.cljs
Compiling target/figwheel_temp/dev/figwheel/connect.cljs
notifying browser that file changed:  out/fibu/core.js
[32mSuccessfully compiled "resources/public/js/main.js" in 0.23 seconds.[0m
[0mCompiling "resources/public/js/main.js" from ["src"]...
Compiling /Users/konny/projects/clj/fibu/src/fibu/core.cljs
Compiling target/figwheel_temp/dev/figwheel/connect.cljs
notifying browser that file changed:  out/fibu/core.js
[32mSuccessfully compiled "resources/public/js/main.js" in 0.221 seconds.[0m
[0mCompiling "resources/public/js/main.js" from ["src"]...
Compiling /Users/konny/projects/clj/fibu/src/fibu/core.cljs
Compiling target/figwheel_temp/dev/figwheel/connect.cljs
notifying browser that file changed:  out/fibu/core.js
[32mSuccessfully compiled "resources/public/js/main.js" in 0.215 seconds.[0m
[0mCompiling "resources/public/js/main.js" from ["src"]...
Compiling /Users/konny/projects/clj/fibu/src/fibu/core.cljs
Compiling target/figwheel_temp/dev/figwheel/connect.cljs
notifying browser that file changed:  out/fibu/core.js
[32mSuccessfully compiled "resources/public/js/main.js" in 0.245 seconds.[0m
[0mCompiling "resources/public/js/main.js" from ["src"]...
Compiling /Users/konny/projects/clj/fibu/src/fibu/core.cljs
Compiling target/figwheel_temp/dev/figwheel/connect.cljs
notifying browser that file changed:  out/fibu/core.js
[32mSuccessfully compiled "resources/public/js/main.js" in 0.247 seconds.[0m
[0mCompiling "resources/public/js/main.js" from ["src"]...
Compiling /Users/konny/projects/clj/fibu/src/fibu/core.cljs
Compiling target/figwheel_temp/dev/figwheel/connect.cljs
notifying browser that file changed:  out/fibu/core.js
[32mSuccessfully compiled "resources/public/js/main.js" in 0.234 seconds.[0m
[0mCompiling "resources/public/js/main.js" from ["src"]...
Compiling /Users/konny/projects/clj/fibu/src/fibu/core.cljs
Compiling target/figwheel_temp/dev/figwheel/connect.cljs
notifying browser that file changed:  out/fibu/core.js
[32mSuccessfully compiled "resources/public/js/main.js" in 0.279 seconds.[0m
[0mCompiling "resources/public/js/main.js" from ["src"]...
Compiling /Users/konny/projects/clj/fibu/src/fibu/core.cljs
Compiling target/figwheel_temp/dev/figwheel/connect.cljs
notifying browser that file changed:  out/fibu/core.js
[32mSuccessfully compiled "resources/public/js/main.js" in 0.232 seconds.[0m
[0mCompiling "resources/public/js/main.js" from ["src"]...
Compiling /Users/konny/projects/clj/fibu/src/fibu/core.cljs
Compiling target/figwheel_temp/dev/figwheel/connect.cljs
notifying browser that file changed:  out/fibu/core.js
[32mSuccessfully compiled "resources/public/js/main.js" in 0.251 seconds.[0m
[0mCompiling "resources/public/js/main.js" from ["src"]...
Compiling /Users/konny/projects/clj/fibu/src/fibu/core.cljs
Compiling target/figwheel_temp/dev/figwheel/connect.cljs
notifying browser that file changed:  out/fibu/core.js
[32mSuccessfully compiled "resources/public/js/main.js" in 0.23 seconds.[0m
[0mCompiling "resources/public/js/main.js" from ["src"]...
Compiling /Users/konny/projects/clj/fibu/src/fibu/core.cljs
Compiling target/figwheel_temp/dev/figwheel/connect.cljs
notifying browser that file changed:  out/fibu/core.js
[32mSuccessfully compiled "resources/public/js/main.js" in 0.221 seconds.[0m
[0mCompiling "resources/public/js/main.js" from ["src"]...
Compiling /Users/konny/projects/clj/fibu/src/fibu/core.cljs
Compiling target/figwheel_temp/dev/figwheel/connect.cljs
notifying browser that file changed:  out/fibu/core.js
[32mSuccessfully compiled "resources/public/js/main.js" in 0.228 seconds.[0m
[0mCompiling "resources/public/js/main.js" from ["src"]...
Compiling /Users/konny/projects/clj/fibu/src/fibu/core.cljs
Compiling target/figwheel_temp/dev/figwheel/connect.cljs
notifying browser that file changed:  out/fibu/core.js
[32mSuccessfully compiled "resources/public/js/main.js" in 0.226 seconds.[0m
[0mCompiling "resources/public/js/main.js" from ["src"]...
Compiling /Users/konny/projects/clj/fibu/src/fibu/core.cljs
Compiling target/figwheel_temp/dev/figwheel/connect.cljs
notifying browser that file changed:  out/fibu/core.js
[32mSuccessfully compiled "resources/public/js/main.js" in 0.249 seconds.[0m
[0mCompiling "resources/public/js/main.js" from ["src"]...
Compiling /Users/konny/projects/clj/fibu/src/fibu/core.cljs
Compiling target/figwheel_temp/dev/figwheel/connect.cljs
notifying browser that file changed:  out/fibu/core.js
[32mSuccessfully compiled "resources/public/js/main.js" in 0.218 seconds.[0m
[0mCompiling "resources/public/js/main.js" from ["src"]...
Compiling /Users/konny/projects/clj/fibu/src/fibu/core.cljs
Compiling target/figwheel_temp/dev/figwheel/connect.cljs
notifying browser that file changed:  out/fibu/core.js
[32mSuccessfully compiled "resources/public/js/main.js" in 0.228 seconds.[0m
[0mCompiling "resources/public/js/main.js" from ["src"]...
Compiling /Users/konny/projects/clj/fibu/src/fibu/core.cljs
Compiling target/figwheel_temp/dev/figwheel/connect.cljs
notifying browser that file changed:  out/fibu/core.js
[32mSuccessfully compiled "resources/public/js/main.js" in 0.219 seconds.[0m
[0mCompiling "resources/public/js/main.js" from ["src"]...
Compiling /Users/konny/projects/clj/fibu/src/fibu/core.cljs
Compiling target/figwheel_temp/dev/figwheel/connect.cljs
notifying browser that file changed:  out/fibu/core.js
[32mSuccessfully compiled "resources/public/js/main.js" in 0.258 seconds.[0m
[0mCompiling "resources/public/js/main.js" from ["src"]...
Compiling /Users/konny/projects/clj/fibu/src/fibu/core.cljs
Compiling target/figwheel_temp/dev/figwheel/connect.cljs
notifying browser that file changed:  out/fibu/core.js
[32mSuccessfully compiled "resources/public/js/main.js" in 0.227 seconds.[0m
[0mCompiling "resources/public/js/main.js" from ["src"]...
Compiling /Users/konny/projects/clj/fibu/src/fibu/core.cljs
Compiling target/figwheel_temp/dev/figwheel/connect.cljs
notifying browser that file changed:  out/fibu/core.js
[32mSuccessfully compiled "resources/public/js/main.js" in 0.227 seconds.[0m
[0mCompiling "resources/public/js/main.js" from ["src"]...
Compiling /Users/konny/projects/clj/fibu/src/fibu/core.cljs
Compiling target/figwheel_temp/dev/figwheel/connect.cljs
notifying browser that file changed:  out/fibu/core.js
[32mSuccessfully compiled "resources/public/js/main.js" in 0.225 seconds.[0m
[0mCompiling "resources/public/js/main.js" from ["src"]...
Compiling /Users/konny/projects/clj/fibu/src/fibu/core.cljs
WARNING: Use of undeclared Var fibu.core/title at line 61 /Users/konny/projects/clj/fibu/src/fibu/core.cljs
Compiling target/figwheel_temp/dev/figwheel/connect.cljs
notifying browser that file changed:  out/fibu/core.js
[32mSuccessfully compiled "resources/public/js/main.js" in 0.295 seconds.[0m
[0mCompiling "resources/public/js/main.js" from ["src"]...
Compiling /Users/konny/projects/clj/fibu/src/fibu/core.cljs
Compiling target/figwheel_temp/dev/figwheel/connect.cljs
notifying browser that file changed:  out/fibu/core.js
[32mSuccessfully compiled "resources/public/js/main.js" in 0.221 seconds.[0m
[0mCompiling "resources/public/js/main.js" from ["src"]...
Compiling /Users/konny/projects/clj/fibu/src/fibu/core.cljs
Compiling target/figwheel_temp/dev/figwheel/connect.cljs
notifying browser that file changed:  out/fibu/core.js
[32mSuccessfully compiled "resources/public/js/main.js" in 0.215 seconds.[0m
[0mCompiling "resources/public/js/main.js" from ["src"]...
Compiling /Users/konny/projects/clj/fibu/src/fibu/core.cljs
Compiling target/figwheel_temp/dev/figwheel/connect.cljs
notifying browser that file changed:  out/fibu/core.js
[32mSuccessfully compiled "resources/public/js/main.js" in 0.222 seconds.[0m
[0mCompiling "resources/public/js/main.js" from ["src"]...
Compiling /Users/konny/projects/clj/fibu/src/fibu/core.cljs
Compiling target/figwheel_temp/dev/figwheel/connect.cljs
notifying browser that file changed:  out/fibu/core.js
[32mSuccessfully compiled "resources/public/js/main.js" in 0.249 seconds.[0m
[0mCompiling "resources/public/js/main.js" from ["src"]...
Compiling /Users/konny/projects/clj/fibu/src/fibu/core.cljs
Compiling target/figwheel_temp/dev/figwheel/connect.cljs
notifying browser that file changed:  out/fibu/core.js
[32mSuccessfully compiled "resources/public/js/main.js" in 0.238 seconds.[0m
[0mCompiling "resources/public/js/main.js" from ["src"]...
Compiling /Users/konny/projects/clj/fibu/src/fibu/core.cljs
Compiling target/figwheel_temp/dev/figwheel/connect.cljs
notifying browser that file changed:  out/fibu/core.js
[32mSuccessfully compiled "resources/public/js/main.js" in 0.234 seconds.[0m
[0mCompiling "resources/public/js/main.js" from ["src"]...
Compiling /Users/konny/projects/clj/fibu/src/fibu/core.cljs
Compiling target/figwheel_temp/dev/figwheel/connect.cljs
notifying browser that file changed:  out/fibu/core.js
[32mSuccessfully compiled "resources/public/js/main.js" in 0.224 seconds.[0m
[0mCompiling "resources/public/js/main.js" from ["src"]...
Compiling /Users/konny/projects/clj/fibu/src/fibu/core.cljs
Compiling target/figwheel_temp/dev/figwheel/connect.cljs
notifying browser that file changed:  out/fibu/core.js
[32mSuccessfully compiled "resources/public/js/main.js" in 0.248 seconds.[0m
[0mCompiling "resources/public/js/main.js" from ["src"]...
Compiling /Users/konny/projects/clj/fibu/src/fibu/core.cljs
Compiling target/figwheel_temp/dev/figwheel/connect.cljs
notifying browser that file changed:  out/fibu/core.js
[32mSuccessfully compiled "resources/public/js/main.js" in 0.222 seconds.[0m
[0mCompiling "resources/public/js/main.js" from ["src"]...
Compiling /Users/konny/projects/clj/fibu/src/fibu/core.cljs
Compiling target/figwheel_temp/dev/figwheel/connect.cljs
notifying browser that file changed:  out/fibu/core.js
[32mSuccessfully compiled "resources/public/js/main.js" in 0.233 seconds.[0m
[0mCompiling "resources/public/js/main.js" from ["src"]...
Compiling /Users/konny/projects/clj/fibu/src/fibu/core.cljs
Compiling target/figwheel_temp/dev/figwheel/connect.cljs
notifying browser that file changed:  out/fibu/core.js
[32mSuccessfully compiled "resources/public/js/main.js" in 0.216 seconds.[0m
[0mCompiling "resources/public/js/main.js" from ["src"]...
Compiling /Users/konny/projects/clj/fibu/src/fibu/core.cljs
Compiling target/figwheel_temp/dev/figwheel/connect.cljs
notifying browser that file changed:  out/fibu/core.js
[32mSuccessfully compiled "resources/public/js/main.js" in 0.238 seconds.[0m
[0mCompiling "resources/public/js/main.js" from ["src"]...
Compiling /Users/konny/projects/clj/fibu/src/fibu/core.cljs
[31mCompiling "resources/public/js/main.js" failed.
[0mERROR: Map literal must contain an even number of forms on file /Users/konny/projects/clj/fibu/src/fibu/core.cljs, line 63, column 78
[32mSuccessfully compiled "resources/public/js/main.js" in 0.112 seconds.[0m
[0mCompiling "resources/public/js/main.js" from ["src"]...
Compiling /Users/konny/projects/clj/fibu/src/fibu/core.cljs
Compiling target/figwheel_temp/dev/figwheel/connect.cljs
notifying browser that file changed:  out/fibu/core.js
[32mSuccessfully compiled "resources/public/js/main.js" in 0.217 seconds.[0m
[0mCompiling "resources/public/js/main.js" from ["src"]...
Compiling /Users/konny/projects/clj/fibu/src/fibu/core.cljs
Compiling target/figwheel_temp/dev/figwheel/connect.cljs
notifying browser that file changed:  out/fibu/core.js
[32mSuccessfully compiled "resources/public/js/main.js" in 0.227 seconds.[0m
[0mCompiling "resources/public/js/main.js" from ["src"]...
Compiling /Users/konny/projects/clj/fibu/src/fibu/core.cljs
Compiling target/figwheel_temp/dev/figwheel/connect.cljs
notifying browser that file changed:  out/fibu/core.js
[32mSuccessfully compiled "resources/public/js/main.js" in 0.246 seconds.[0m
[0mCompiling "resources/public/js/main.js" from ["src"]...
Compiling /Users/konny/projects/clj/fibu/src/fibu/core.cljs
Compiling target/figwheel_temp/dev/figwheel/connect.cljs
notifying browser that file changed:  out/fibu/core.js
[32mSuccessfully compiled "resources/public/js/main.js" in 0.221 seconds.[0m
[0mCompiling "resources/public/js/main.js" from ["src"]...
Compiling /Users/konny/projects/clj/fibu/src/fibu/core.cljs
Compiling target/figwheel_temp/dev/figwheel/connect.cljs
notifying browser that file changed:  out/fibu/core.js
[32mSuccessfully compiled "resources/public/js/main.js" in 0.219 seconds.[0m
[0mCompiling "resources/public/js/main.js" from ["src"]...
Compiling /Users/konny/projects/clj/fibu/src/fibu/core.cljs
Compiling target/figwheel_temp/dev/figwheel/connect.cljs
notifying browser that file changed:  out/fibu/core.js
[32mSuccessfully compiled "resources/public/js/main.js" in 0.219 seconds.[0m
[0mCompiling "resources/public/js/main.js" from ["src"]...
Compiling /Users/konny/projects/clj/fibu/src/fibu/core.cljs
Compiling target/figwheel_temp/dev/figwheel/connect.cljs
notifying browser that file changed:  out/fibu/core.js
[32mSuccessfully compiled "resources/public/js/main.js" in 0.241 seconds.[0m
[0mCompiling "resources/public/js/main.js" from ["src"]...
Compiling /Users/konny/projects/clj/fibu/src/fibu/core.cljs
Compiling target/figwheel_temp/dev/figwheel/connect.cljs
notifying browser that file changed:  out/fibu/core.js
[32mSuccessfully compiled "resources/public/js/main.js" in 0.218 seconds.[0m
[0mCompiling "resources/public/js/main.js" from ["src"]...
Compiling resources/public/js/sablono/util.cljc
Compiling resources/public/js/sablono/normalize.cljc
Compiling resources/public/js/sablono/interpreter.cljc
Compiling resources/public/js/sablono/core.cljs
Compiling src/fibu/core.cljs
Compiling target/figwheel_temp/dev/figwheel/connect.cljs
notifying browser that file changed:  resources/public/js/cljs_deps.js
notifying browser that file changed:  out/fibu/core.js
[32mSuccessfully compiled "resources/public/js/main.js" in 1.001 seconds.[0m
[0mCompiling "resources/public/js/main.js" from ["src"]...
Compiling src/fibu/core.cljs
Compiling target/figwheel_temp/dev/figwheel/connect.cljs
notifying browser that file changed:  out/fibu/core.js
[32mSuccessfully compiled "resources/public/js/main.js" in 0.267 seconds.[0m
[0mCompiling "resources/public/js/main.js" from ["src"]...
Compiling src/fibu/core.cljs
Compiling target/figwheel_temp/dev/figwheel/connect.cljs
notifying browser that file changed:  out/fibu/core.js
[32mSuccessfully compiled "resources/public/js/main.js" in 0.231 seconds.[0m
[0mCompiling "resources/public/js/main.js" from ["src"]...
Compiling src/fibu/core.cljs
Compiling target/figwheel_temp/dev/figwheel/connect.cljs
notifying browser that file changed:  out/fibu/core.js
[32mSuccessfully compiled "resources/public/js/main.js" in 0.232 seconds.[0m
[0mCompiling "resources/public/js/main.js" from ["src"]...
Compiling src/fibu/core.cljs
Compiling target/figwheel_temp/dev/figwheel/connect.cljs
notifying browser that file changed:  out/fibu/core.js
[32mSuccessfully compiled "resources/public/js/main.js" in 0.238 seconds.[0m
[0mCompiling "resources/public/js/main.js" from ["src"]...
Compiling src/fibu/core.cljs
Compiling target/figwheel_temp/dev/figwheel/connect.cljs
notifying browser that file changed:  out/fibu/core.js
[32mSuccessfully compiled "resources/public/js/main.js" in 0.234 seconds.[0m
[0mCompiling "resources/public/js/main.js" from ["src"]...
Compiling src/fibu/core.cljs
Compiling target/figwheel_temp/dev/figwheel/connect.cljs
notifying browser that file changed:  out/fibu/core.js
[32mSuccessfully compiled "resources/public/js/main.js" in 0.242 seconds.[0m
[0mCompiling "resources/public/js/main.js" from ["src"]...
Compiling src/fibu/core.cljs
Compiling target/figwheel_temp/dev/figwheel/connect.cljs
notifying browser that file changed:  out/fibu/core.js
[32mSuccessfully compiled "resources/public/js/main.js" in 0.243 seconds.[0m
[0mCompiling "resources/public/js/main.js" from ["src"]...
Compiling src/fibu/core.cljs
Compiling target/figwheel_temp/dev/figwheel/connect.cljs
notifying browser that file changed:  out/fibu/core.js
[32mSuccessfully compiled "resources/public/js/main.js" in 0.239 seconds.[0m
[0mCompiling "resources/public/js/main.js" from ["src"]...
Compiling src/fibu/core.cljs
Compiling target/figwheel_temp/dev/figwheel/connect.cljs
notifying browser that file changed:  out/fibu/core.js
[32mSuccessfully compiled "resources/public/js/main.js" in 0.242 seconds.[0m
[0mCompiling "resources/public/js/main.js" from ["src"]...
Compiling src/fibu/core.cljs
Compiling target/figwheel_temp/dev/figwheel/connect.cljs
notifying browser that file changed:  out/fibu/core.js
[32mSuccessfully compiled "resources/public/js/main.js" in 0.253 seconds.[0m
[0mCompiling "resources/public/js/main.js" from ["src"]...
Compiling src/fibu/core.cljs
Compiling target/figwheel_temp/dev/figwheel/connect.cljs
notifying browser that file changed:  out/fibu/core.js
[32mSuccessfully compiled "resources/public/js/main.js" in 0.236 seconds.[0m
[0mCompiling "resources/public/js/main.js" from ["src"]...
Compiling src/fibu/core.cljs
Compiling target/figwheel_temp/dev/figwheel/connect.cljs
notifying browser that file changed:  out/fibu/core.js
[32mSuccessfully compiled "resources/public/js/main.js" in 0.264 seconds.[0m
[0mCompiling "resources/public/js/main.js" from ["src"]...
Compiling src/fibu/core.cljs
Compiling target/figwheel_temp/dev/figwheel/connect.cljs
notifying browser that file changed:  out/fibu/core.js
[32mSuccessfully compiled "resources/public/js/main.js" in 0.24 seconds.[0m
[0mCompiling "resources/public/js/main.js" from ["src"]...
Compiling src/fibu/core.cljs
Compiling target/figwheel_temp/dev/figwheel/connect.cljs
notifying browser that file changed:  out/fibu/core.js
[32mSuccessfully compiled "resources/public/js/main.js" in 0.244 seconds.[0m
[0mCompiling "resources/public/js/main.js" from ["src"]...
Compiling src/fibu/core.cljs
Compiling target/figwheel_temp/dev/figwheel/connect.cljs
notifying browser that file changed:  out/fibu/core.js
[32mSuccessfully compiled "resources/public/js/main.js" in 0.251 seconds.[0m
[0mCompiling "resources/public/js/main.js" from ["src"]...
Compiling src/fibu/core.cljs
Compiling target/figwheel_temp/dev/figwheel/connect.cljs
notifying browser that file changed:  out/fibu/core.js
[32mSuccessfully compiled "resources/public/js/main.js" in 0.24 seconds.[0m
[0mCompiling "resources/public/js/main.js" from ["src"]...
Compiling src/fibu/core.cljs
Compiling target/figwheel_temp/dev/figwheel/connect.cljs
notifying browser that file changed:  out/fibu/core.js
[32mSuccessfully compiled "resources/public/js/main.js" in 0.288 seconds.[0m
[0mCompiling "resources/public/js/main.js" from ["src"]...
Compiling src/fibu/core.cljs
Compiling target/figwheel_temp/dev/figwheel/connect.cljs
notifying browser that file changed:  out/fibu/core.js
[32mSuccessfully compiled "resources/public/js/main.js" in 0.243 seconds.[0m
[0mCompiling "resources/public/js/main.js" from ["src"]...
Compiling src/fibu/core.cljs
Compiling target/figwheel_temp/dev/figwheel/connect.cljs
notifying browser that file changed:  out/fibu/core.js
[32mSuccessfully compiled "resources/public/js/main.js" in 0.237 seconds.[0m
[0mCompiling "resources/public/js/main.js" from ["src"]...
Compiling src/fibu/core.cljs
Compiling target/figwheel_temp/dev/figwheel/connect.cljs
notifying browser that file changed:  out/fibu/core.js
[32mSuccessfully compiled "resources/public/js/main.js" in 0.267 seconds.[0m
[0mCompiling "resources/public/js/main.js" from ["src"]...
Compiling src/fibu/core.cljs
Compiling target/figwheel_temp/dev/figwheel/connect.cljs
notifying browser that file changed:  out/fibu/core.js
[32mSuccessfully compiled "resources/public/js/main.js" in 0.255 seconds.[0m
[0mCompiling "resources/public/js/main.js" from ["src"]...
Compiling src/fibu/core.cljs
Compiling target/figwheel_temp/dev/figwheel/connect.cljs
notifying browser that file changed:  out/fibu/core.js
[32mSuccessfully compiled "resources/public/js/main.js" in 0.272 seconds.[0m
[0mCompiling "resources/public/js/main.js" from ["src"]...
Compiling src/fibu/core.cljs
Compiling target/figwheel_temp/dev/figwheel/connect.cljs
notifying browser that file changed:  out/fibu/core.js
[32mSuccessfully compiled "resources/public/js/main.js" in 0.255 seconds.[0m
[0mCompiling "resources/public/js/main.js" from ["src"]...
Compiling src/fibu/core.cljs
Compiling target/figwheel_temp/dev/figwheel/connect.cljs
notifying browser that file changed:  out/fibu/core.js
[32mSuccessfully compiled "resources/public/js/main.js" in 0.275 seconds.[0m
[0mCompiling "resources/public/js/main.js" from ["src"]...
Compiling src/fibu/core.cljs
Compiling target/figwheel_temp/dev/figwheel/connect.cljs
notifying browser that file changed:  out/fibu/core.js
[32mSuccessfully compiled "resources/public/js/main.js" in 0.242 seconds.[0m
[0mCompiling "resources/public/js/main.js" from ["src"]...
Compiling src/fibu/core.cljs
Compiling target/figwheel_temp/dev/figwheel/connect.cljs
notifying browser that file changed:  out/fibu/core.js
[32mSuccessfully compiled "resources/public/js/main.js" in 0.268 seconds.[0m
[0mCompiling "resources/public/js/main.js" from ["src"]...
Compiling src/fibu/core.cljs
Compiling target/figwheel_temp/dev/figwheel/connect.cljs
notifying browser that file changed:  out/fibu/core.js
[32mSuccessfully compiled "resources/public/js/main.js" in 0.302 seconds.[0m
[0mCompiling "resources/public/js/main.js" from ["src"]...
Compiling src/fibu/core.cljs
Compiling target/figwheel_temp/dev/figwheel/connect.cljs
notifying browser that file changed:  out/fibu/core.js
[32mSuccessfully compiled "resources/public/js/main.js" in 0.261 seconds.[0m
[0mCompiling "resources/public/js/main.js" from ["src"]...
Compiling src/fibu/core.cljs
Compiling target/figwheel_temp/dev/figwheel/connect.cljs
notifying browser that file changed:  out/fibu/core.js
[32mSuccessfully compiled "resources/public/js/main.js" in 0.256 seconds.[0m
[0mCompiling "resources/public/js/main.js" from ["src"]...
Compiling src/fibu/core.cljs
Compiling target/figwheel_temp/dev/figwheel/connect.cljs
notifying browser that file changed:  out/fibu/core.js
[32mSuccessfully compiled "resources/public/js/main.js" in 0.267 seconds.[0m
[0mCompiling "resources/public/js/main.js" from ["src"]...
Compiling src/fibu/core.cljs
Compiling target/figwheel_temp/dev/figwheel/connect.cljs
notifying browser that file changed:  out/fibu/core.js
[32mSuccessfully compiled "resources/public/js/main.js" in 0.617 seconds.[0m
[0mCompiling "resources/public/js/main.js" from ["src"]...
Compiling src/fibu/core.cljs
Compiling target/figwheel_temp/dev/figwheel/connect.cljs
notifying browser that file changed:  out/fibu/core.js
[32mSuccessfully compiled "resources/public/js/main.js" in 0.673 seconds.[0m
[0mCompiling "resources/public/js/main.js" from ["src"]...
Compiling src/fibu/core.cljs
Compiling target/figwheel_temp/dev/figwheel/connect.cljs
notifying browser that file changed:  out/fibu/core.js
[32mSuccessfully compiled "resources/public/js/main.js" in 0.297 seconds.[0m
